android/app/build/intermediates/manifest_merge_blame_file/debug/processDebugMainManifest/manifest-merger-blame-debug-report.txt
1<?xml version="1.0" encoding="utf-8"?>
2<manifest xmlns:android="http://schemas.android.com/apk/res/android"
3    package="com.endpandemics.riskmonitor"
4    android:versionCode="1"
5    android:versionName="1.0" >
6
7    <uses-sdk
8        android:minSdkVersion="24"
9        android:targetSdkVersion="34" />
10
11    <uses-permission android:name="android.permission.INTERNET" />
11-->src/main/AndroidManifest.xml:4:5-67
11-->src/main/AndroidManifest.xml:4:22-64
12    <uses-permission android:name="android.permission.ACCESS_FINE_LOCATION" />
12-->src/main/AndroidManifest.xml:5:5-79
12-->src/main/AndroidManifest.xml:5:22-76
13    <uses-permission android:name="android.permission.ACCESS_COARSE_LOCATION" />
13-->src/main/AndroidManifest.xml:6:5-81
13-->src/main/AndroidManifest.xml:6:22-78
14
15    <permission
15-->[androidx.core:core:1.9.0] AndroidManifest.xml:22:5-24:47
16        android:name="com.endpandemics.riskmonitor.DYNAMIC_RECEIVER_NOT_EXPORTED_PERMISSION"
16-->[androidx.core:core:1.9.0] AndroidManifest.xml:23:9-81
17        android:protectionLevel="signature" />
17-->[androidx.core:core:1.9.0] AndroidManifest.xml:24:9-44
18
19    <uses-permission android:name="com.endpandemics.riskmonitor.DYNAMIC_RECEIVER_NOT_EXPORTED_PERMISSION" />
19-->[androidx.core:core:1.9.0] AndroidManifest.xml:26:5-97
19-->[androidx.core:core:1.9.0] AndroidManifest.xml:26:22-94
20
21    <application
21-->src/main/AndroidManifest.xml:8:5-28:19
22        android:allowBackup="true"
22-->src/main/AndroidManifest.xml:9:9-35
23        android:appComponentFactory="androidx.core.app.CoreComponentFactory"
23-->[androidx.core:core:1.9.0] AndroidManifest.xml:28:18-86
24        android:debuggable="true"
25        android:extractNativeLibs="false"
26        android:icon="@mipmap/ic_launcher"
26-->src/main/AndroidManifest.xml:10:9-43
27        android:label="@string/app_name"
27-->src/main/AndroidManifest.xml:12:9-41
28        android:roundIcon="@mipmap/ic_launcher_round"
28-->src/main/AndroidManifest.xml:11:9-54
29        android:supportsRtl="true"
29-->src/main/AndroidManifest.xml:13:9-35
30        android:theme="@style/AppTheme"
30-->src/main/AndroidManifest.xml:14:9-40
31        android:usesCleartextTraffic="false" >
31-->src/main/AndroidManifest.xml:15:9-45
32        <activity
32-->src/main/AndroidManifest.xml:17:9-26:20
33            android:name="com.endpandemics.riskmonitor.MainActivity"
33-->src/main/AndroidManifest.xml:18:13-41
34            android:configChanges="orientation|screenSize|keyboardHidden"
34-->src/main/AndroidManifest.xml:20:13-74
35            android:exported="true"
35-->src/main/AndroidManifest.xml:19:13-36
36            android:windowSoftInputMode="adjustResize" >
36-->src/main/AndroidManifest.xml:21:13-55
37            <intent-filter>
37-->src/main/AndroidManifest.xml:22:13-25:29
38                <action android:name="android.intent.action.MAIN" />
38-->src/main/AndroidManifest.xml:23:17-69
38-->src/main/AndroidManifest.xml:23:25-66
39
40                <category android:name="android.intent.category.LAUNCHER" />
40-->src/main/AndroidManifest.xml:24:17-77
40-->src/main/AndroidManifest.xml:24:27-74
41            </intent-filter>
42        </activity>
43
44        <provider
44-->[androidx.emoji2:emoji2:1.2.0] AndroidManifest.xml:24:9-32:20
45            android:name="androidx.startup.InitializationProvider"
45-->[androidx.emoji2:emoji2:1.2.0] AndroidManifest.xml:25:13-67
46            android:authorities="com.endpandemics.riskmonitor.androidx-startup"
46-->[androidx.emoji2:emoji2:1.2.0] AndroidManifest.xml:26:13-68
47            android:exported="false" >
47-->[androidx.emoji2:emoji2:1.2.0] AndroidManifest.xml:27:13-37
48            <meta-data
48-->[androidx.emoji2:emoji2:1.2.0] AndroidManifest.xml:29:13-31:52
49                android:name="androidx.emoji2.text.EmojiCompatInitializer"
49-->[androidx.emoji2:emoji2:1.2.0] AndroidManifest.xml:30:17-75
50                android:value="androidx.startup" />
50-->[androidx.emoji2:emoji2:1.2.0] AndroidManifest.xml:31:17-49
51            <meta-data
51-->[androidx.lifecycle:lifecycle-process:2.4.1] AndroidManifest.xml:31:13-33:52
52                android:name="androidx.lifecycle.ProcessLifecycleInitializer"
52-->[androidx.lifecycle:lifecycle-process:2.4.1] AndroidManifest.xml:32:17-78
53                android:value="androidx.startup" />
53-->[androidx.lifecycle:lifecycle-process:2.4.1] AndroidManifest.xml:33:17-49
54        </provider>
55    </application>
56
57</manifest>